<?xml version="1.0" encoding="UTF-8"?>
<testsuite name="com.project.incident_response.IncidentResponseApplicationTests" tests="1" skipped="0" failures="0" errors="0" timestamp="2024-06-26T06:41:46" hostname="MSI" time="0.264">
  <properties/>
  <testcase name="contextLoads()" classname="com.project.incident_response.IncidentResponseApplicationTests" time="0.264"/>
  <system-out><![CDATA[01:41:40.002 [Test worker] DEBUG org.springframework.test.context.BootstrapUtils - Instantiating CacheAwareContextLoaderDelegate from class [org.springframework.test.context.cache.DefaultCacheAwareContextLoaderDelegate]
01:41:40.002 [Test worker] DEBUG org.springframework.test.context.BootstrapUtils - Instantiating BootstrapContext using constructor [public org.springframework.test.context.support.DefaultBootstrapContext(java.lang.Class,org.springframework.test.context.CacheAwareContextLoaderDelegate)]
01:41:40.034 [Test worker] DEBUG org.springframework.test.context.BootstrapUtils - Instantiating TestContextBootstrapper for test class [com.project.incident_response.IncidentResponseApplicationTests] from class [org.springframework.boot.test.context.SpringBootTestContextBootstrapper]
01:41:40.050 [Test worker] INFO org.springframework.boot.test.context.SpringBootTestContextBootstrapper - Neither @ContextConfiguration nor @ContextHierarchy found for test class [com.project.incident_response.IncidentResponseApplicationTests], using SpringBootContextLoader
01:41:40.050 [Test worker] DEBUG org.springframework.test.context.support.AbstractContextLoader - Did not detect default resource location for test class [com.project.incident_response.IncidentResponseApplicationTests]: class path resource [com/project/incident_response/IncidentResponseApplicationTests-context.xml] does not exist
01:41:40.050 [Test worker] DEBUG org.springframework.test.context.support.AbstractContextLoader - Did not detect default resource location for test class [com.project.incident_response.IncidentResponseApplicationTests]: class path resource [com/project/incident_response/IncidentResponseApplicationTestsContext.groovy] does not exist
01:41:40.050 [Test worker] INFO org.springframework.test.context.support.AbstractContextLoader - Could not detect default resource locations for test class [com.project.incident_response.IncidentResponseApplicationTests]: no resource found for suffixes {-context.xml, Context.groovy}.
01:41:40.050 [Test worker] INFO org.springframework.test.context.support.AnnotationConfigContextLoaderUtils - Could not detect default configuration classes for test class [com.project.incident_response.IncidentResponseApplicationTests]: IncidentResponseApplicationTests does not declare any static, non-private, non-final, nested classes annotated with @Configuration.
01:41:40.113 [Test worker] DEBUG org.springframework.test.context.support.ActiveProfilesUtils - Could not find an 'annotation declaring class' for annotation type [org.springframework.test.context.ActiveProfiles] and class [com.project.incident_response.IncidentResponseApplicationTests]
01:41:40.194 [Test worker] DEBUG org.springframework.context.annotation.ClassPathScanningCandidateComponentProvider - Identified candidate component class: file [C:\Users\saisu\Downloads\incident-response\incident-response\build\classes\java\main\com\project\incident_response\IncidentResponseApplication.class]
01:41:40.208 [Test worker] INFO org.springframework.boot.test.context.SpringBootTestContextBootstrapper - Found @SpringBootConfiguration com.project.incident_response.IncidentResponseApplication for test class com.project.incident_response.IncidentResponseApplicationTests
01:41:40.350 [Test worker] DEBUG org.springframework.boot.test.context.SpringBootTestContextBootstrapper - @TestExecutionListeners is not present for class [com.project.incident_response.IncidentResponseApplicationTests]: using defaults.
01:41:40.350 [Test worker] INFO org.springframework.boot.test.context.SpringBootTestContextBootstrapper - Loaded default TestExecutionListener class names from location [META-INF/spring.factories]: [org.springframework.security.test.context.support.WithSecurityContextTestExecutionListener, org.springframework.security.test.context.support.ReactorContextTestExecutionListener, org.springframework.boot.test.autoconfigure.restdocs.RestDocsTestExecutionListener, org.springframework.boot.test.autoconfigure.web.client.MockRestServiceServerResetTestExecutionListener, org.springframework.boot.test.autoconfigure.web.servlet.MockMvcPrintOnlyOnFailureTestExecutionListener, org.springframework.boot.test.autoconfigure.web.servlet.WebDriverTestExecutionListener, org.springframework.boot.test.autoconfigure.webservices.client.MockWebServiceServerTestExecutionListener, org.springframework.boot.test.mock.mockito.MockitoTestExecutionListener, org.springframework.boot.test.mock.mockito.ResetMocksTestExecutionListener, org.springframework.test.context.web.ServletTestExecutionListener, org.springframework.test.context.support.DirtiesContextBeforeModesTestExecutionListener, org.springframework.test.context.event.ApplicationEventsTestExecutionListener, org.springframework.test.context.support.DependencyInjectionTestExecutionListener, org.springframework.test.context.support.DirtiesContextTestExecutionListener, org.springframework.test.context.transaction.TransactionalTestExecutionListener, org.springframework.test.context.jdbc.SqlScriptsTestExecutionListener, org.springframework.test.context.event.EventPublishingTestExecutionListener]
01:41:40.366 [Test worker] INFO org.springframework.boot.test.context.SpringBootTestContextBootstrapper - Using TestExecutionListeners: [org.springframework.test.context.web.ServletTestExecutionListener@7fcbe147, org.springframework.test.context.support.DirtiesContextBeforeModesTestExecutionListener@235f4c10, org.springframework.test.context.event.ApplicationEventsTestExecutionListener@743cb8e0, org.springframework.boot.test.mock.mockito.MockitoTestExecutionListener@c7a975a, org.springframework.boot.test.autoconfigure.SpringBootDependencyInjectionTestExecutionListener@2c1b9e4b, org.springframework.test.context.support.DirtiesContextTestExecutionListener@757d6814, org.springframework.test.context.transaction.TransactionalTestExecutionListener@649725e3, org.springframework.test.context.jdbc.SqlScriptsTestExecutionListener@3c0fae6c, org.springframework.security.test.context.support.WithSecurityContextTestExecutionListener@4c168660, org.springframework.test.context.event.EventPublishingTestExecutionListener@52b56a3e, org.springframework.security.test.context.support.ReactorContextTestExecutionListener@fd0e5b6, org.springframework.boot.test.autoconfigure.restdocs.RestDocsTestExecutionListener@4eed46ee, org.springframework.boot.test.autoconfigure.web.client.MockRestServiceServerResetTestExecutionListener@36b0fcd5, org.springframework.boot.test.autoconfigure.web.servlet.MockMvcPrintOnlyOnFailureTestExecutionListener@4fad94a7, org.springframework.boot.test.autoconfigure.web.servlet.WebDriverTestExecutionListener@475835b1, org.springframework.boot.test.autoconfigure.webservices.client.MockWebServiceServerTestExecutionListener@6326d182, org.springframework.boot.test.mock.mockito.ResetMocksTestExecutionListener@5241cf67]
01:41:40.382 [Test worker] DEBUG org.springframework.test.context.support.AbstractDirtiesContextTestExecutionListener - Before test class: context [DefaultTestContext@30ea8c23 testClass = IncidentResponseApplicationTests, testInstance = [null], testMethod = [null], testException = [null], mergedContextConfiguration = [WebMergedContextConfiguration@7b139eab testClass = IncidentResponseApplicationTests, locations = '{}', classes = '{class com.project.incident_response.IncidentResponseApplication}', contextInitializerClasses = '[]', activeProfiles = '{}', propertySourceLocations = '{}', propertySourceProperties = '{org.springframework.boot.test.context.SpringBootTestContextBootstrapper=true}', contextCustomizers = set[org.springframework.boot.test.autoconfigure.actuate.metrics.MetricsExportContextCustomizerFactory$DisableMetricExportContextCustomizer@1fde5d22, org.springframework.boot.test.autoconfigure.properties.PropertyMappingContextCustomizer@0, org.springframework.boot.test.autoconfigure.web.servlet.WebDriverContextCustomizerFactory$Customizer@289710d9, org.springframework.boot.test.context.filter.ExcludeFilterContextCustomizer@4c51cf28, org.springframework.boot.test.json.DuplicateJsonObjectContextCustomizerFactory$DuplicateJsonObjectContextCustomizer@77825085, org.springframework.boot.test.mock.mockito.MockitoContextCustomizer@0, org.springframework.boot.test.web.client.TestRestTemplateContextCustomizer@176b3f44, org.springframework.boot.test.context.SpringBootTestArgs@1, org.springframework.boot.test.context.SpringBootTestWebEnvironment@2fb3536e], resourceBasePath = 'src/main/webapp', contextLoader = 'org.springframework.boot.test.context.SpringBootContextLoader', parent = [null]], attributes = map['org.springframework.test.context.web.ServletTestExecutionListener.activateListener' -> true]], class annotated with @DirtiesContext [false] with mode [null].
01:41:40.414 [Test worker] DEBUG org.springframework.test.context.support.TestPropertySourceUtils - Adding inlined properties to environment: {spring.jmx.enabled=false, org.springframework.boot.test.context.SpringBootTestContextBootstrapper=true}

  .   ____          _            __ _ _
 /\\ / ___'_ __ _ _(_)_ __  __ _ \ \ \ \
( ( )\___ | '_ | '_| | '_ \/ _` | \ \ \ \
 \\/  ___)| |_)| | | | | || (_| |  ) ) ) )
  '  |____| .__|_| |_|_| |_\__, | / / / /
 =========|_|==============|___/=/_/_/_/
 :: Spring Boot ::                (v2.5.4)

2024-06-26 01:41:40.758  INFO 9580 --- [    Test worker] c.p.i.IncidentResponseApplicationTests   : Starting IncidentResponseApplicationTests using Java 17.0.11 on MSI with PID 9580 (started by saisu in C:\Users\saisu\Downloads\incident-response\incident-response)
2024-06-26 01:41:40.771  INFO 9580 --- [    Test worker] c.p.i.IncidentResponseApplicationTests   : No active profile set, falling back to default profiles: default
2024-06-26 01:41:41.667  INFO 9580 --- [    Test worker] .s.d.r.c.RepositoryConfigurationDelegate : Bootstrapping Spring Data JPA repositories in DEFAULT mode.
2024-06-26 01:41:41.776  INFO 9580 --- [    Test worker] .s.d.r.c.RepositoryConfigurationDelegate : Finished Spring Data repository scanning in 98 ms. Found 2 JPA repository interfaces.
2024-06-26 01:41:42.599  INFO 9580 --- [    Test worker] com.zaxxer.hikari.HikariDataSource       : HikariPool-1 - Starting...
2024-06-26 01:41:42.818  INFO 9580 --- [    Test worker] com.zaxxer.hikari.HikariDataSource       : HikariPool-1 - Start completed.
2024-06-26 01:41:42.945  INFO 9580 --- [    Test worker] o.hibernate.jpa.internal.util.LogHelper  : HHH000204: Processing PersistenceUnitInfo [name: default]
2024-06-26 01:41:43.039  INFO 9580 --- [    Test worker] org.hibernate.Version                    : HHH000412: Hibernate ORM core version 5.4.32.Final
2024-06-26 01:41:43.261  INFO 9580 --- [    Test worker] o.hibernate.annotations.common.Version   : HCANN000001: Hibernate Commons Annotations {5.1.2.Final}
2024-06-26 01:41:43.575  INFO 9580 --- [    Test worker] org.hibernate.dialect.Dialect            : HHH000400: Using dialect: org.hibernate.dialect.H2Dialect
2024-06-26 01:41:44.127  INFO 9580 --- [    Test worker] o.h.e.t.j.p.i.JtaPlatformInitiator       : HHH000490: Using JtaPlatform implementation: [org.hibernate.engine.transaction.jta.platform.internal.NoJtaPlatform]
2024-06-26 01:41:44.127  INFO 9580 --- [    Test worker] j.LocalContainerEntityManagerFactoryBean : Initialized JPA EntityManagerFactory for persistence unit 'default'
2024-06-26 01:41:44.238  WARN 9580 --- [    Test worker] JpaBaseConfiguration$JpaWebConfiguration : spring.jpa.open-in-view is enabled by default. Therefore, database queries may be performed during view rendering. Explicitly configure spring.jpa.open-in-view to disable this warning
2024-06-26 01:41:45.077  INFO 9580 --- [    Test worker] .s.s.UserDetailsServiceAutoConfiguration : 

Using generated security password: 4cd12436-cb83-4d47-8d16-7ea02581977b

2024-06-26 01:41:45.313  INFO 9580 --- [    Test worker] o.s.s.web.DefaultSecurityFilterChain     : Will secure any request with [org.springframework.security.web.context.request.async.WebAsyncManagerIntegrationFilter@bd09a26, org.springframework.security.web.context.SecurityContextPersistenceFilter@29d33f1, org.springframework.security.web.header.HeaderWriterFilter@6c2fea95, org.springframework.security.web.authentication.logout.LogoutFilter@20e3b165, org.springframework.security.web.authentication.www.BasicAuthenticationFilter@2ce62e27, org.springframework.security.web.savedrequest.RequestCacheAwareFilter@24a7725d, org.springframework.security.web.servletapi.SecurityContextHolderAwareRequestFilter@2d758472, org.springframework.security.web.authentication.AnonymousAuthenticationFilter@5020b59f, org.springframework.security.web.session.SessionManagementFilter@3465edf9, org.springframework.security.web.access.ExceptionTranslationFilter@60d32006, org.springframework.security.web.access.intercept.FilterSecurityInterceptor@764a3867]
2024-06-26 01:41:46.367  INFO 9580 --- [    Test worker] c.p.i.IncidentResponseApplicationTests   : Started IncidentResponseApplicationTests in 5.956 seconds (JVM running for 7.423)
]]></system-out>
  <system-err><![CDATA[]]></system-err>
</testsuite>
